<?xml version="1.0" encoding="UTF-8" standalone="yes"?><!DOCTYPE report PUBLIC
    "-//JACOCO//DTD Report 1.1//EN" "report.dtd">
<report name="bindingrecycler">
    <sessioninfo dump="1608412826404" id="Samuels-Mini-b0a45128" start="1608412822654" />
    <package name="com/daydreamapplications/bindingrecycler">
        <class name="com/daydreamapplications/bindingrecycler/LifecycleRelay"
            sourcefilename="LifecycleRelay.kt">
            <method name="getLifecycle" desc="()Landroidx/lifecycle/Lifecycle;" line="15">
                <counter covered="4" missed="0" type="INSTRUCTION" />
                <counter covered="1" missed="0" type="LINE" />
                <counter covered="1" missed="0" type="COMPLEXITY" />
                <counter covered="1" missed="0" type="METHOD" />
            </method>
            <method name="onCreate" desc="()V" line="23">
                <counter covered="0" missed="5" type="INSTRUCTION" />
                <counter covered="0" missed="2" type="LINE" />
                <counter covered="0" missed="1" type="COMPLEXITY" />
                <counter covered="0" missed="1" type="METHOD" />
            </method>
            <method name="onStart" desc="()V" line="28">
                <counter covered="0" missed="5" type="INSTRUCTION" />
                <counter covered="0" missed="2" type="LINE" />
                <counter covered="0" missed="1" type="COMPLEXITY" />
                <counter covered="0" missed="1" type="METHOD" />
            </method>
            <method name="onResume" desc="()V" line="33">
                <counter covered="0" missed="5" type="INSTRUCTION" />
                <counter covered="0" missed="2" type="LINE" />
                <counter covered="0" missed="1" type="COMPLEXITY" />
                <counter covered="0" missed="1" type="METHOD" />
            </method>
            <method name="onPause" desc="()V" line="38">
                <counter covered="0" missed="5" type="INSTRUCTION" />
                <counter covered="0" missed="2" type="LINE" />
                <counter covered="0" missed="1" type="COMPLEXITY" />
                <counter covered="0" missed="1" type="METHOD" />
            </method>
            <method name="onStop" desc="()V" line="43">
                <counter covered="0" missed="5" type="INSTRUCTION" />
                <counter covered="0" missed="2" type="LINE" />
                <counter covered="0" missed="1" type="COMPLEXITY" />
                <counter covered="0" missed="1" type="METHOD" />
            </method>
            <method name="onDestroy" desc="()V" line="48">
                <counter covered="0" missed="5" type="INSTRUCTION" />
                <counter covered="0" missed="2" type="LINE" />
                <counter covered="0" missed="1" type="COMPLEXITY" />
                <counter covered="0" missed="1" type="METHOD" />
            </method>
            <method name="&lt;init&gt;" desc="()V" line="11">
                <counter covered="15" missed="0" type="INSTRUCTION" />
                <counter covered="5" missed="0" type="LINE" />
                <counter covered="1" missed="0" type="COMPLEXITY" />
                <counter covered="1" missed="0" type="METHOD" />
            </method>
            <counter covered="19" missed="30" type="INSTRUCTION" />
            <counter covered="6" missed="12" type="LINE" />
            <counter covered="2" missed="6" type="COMPLEXITY" />
            <counter covered="2" missed="6" type="METHOD" />
            <counter covered="1" missed="0" type="CLASS" />
        </class>
        <class
            name="com/daydreamapplications/bindingrecycler/BindingRecyclerView$Adapter$onBindViewHolder$1"
            sourcefilename="BindingRecyclerView.kt">
            <method name="onClick" desc="(Landroid/view/View;)V" line="162">
                <counter covered="0" missed="10" type="INSTRUCTION" />
                <counter covered="0" missed="1" type="LINE" />
                <counter covered="0" missed="1" type="COMPLEXITY" />
                <counter covered="0" missed="1" type="METHOD" />
            </method>
            <counter covered="0" missed="10" type="INSTRUCTION" />
            <counter covered="0" missed="1" type="LINE" />
            <counter covered="0" missed="1" type="COMPLEXITY" />
            <counter covered="0" missed="1" type="METHOD" />
            <counter covered="0" missed="1" type="CLASS" />
        </class>
        <class name="com/daydreamapplications/bindingrecycler/DiffCallback"
            sourcefilename="DiffCallback.kt">
            <method name="getOldListSize" desc="()I" line="10">
                <counter covered="0" missed="4" type="INSTRUCTION" />
                <counter covered="0" missed="1" type="LINE" />
                <counter covered="0" missed="1" type="COMPLEXITY" />
                <counter covered="0" missed="1" type="METHOD" />
            </method>
            <method name="getNewListSize" desc="()I" line="11">
                <counter covered="0" missed="4" type="INSTRUCTION" />
                <counter covered="0" missed="1" type="LINE" />
                <counter covered="0" missed="1" type="COMPLEXITY" />
                <counter covered="0" missed="1" type="METHOD" />
            </method>
            <method name="areItemsTheSame" desc="(II)Z" line="13">
                <counter covered="0" missed="13" type="INSTRUCTION" />
                <counter covered="0" missed="2" type="BRANCH" />
                <counter covered="0" missed="1" type="LINE" />
                <counter covered="0" missed="2" type="COMPLEXITY" />
                <counter covered="0" missed="1" type="METHOD" />
            </method>
            <method name="areContentsTheSame" desc="(II)Z" line="14">
                <counter covered="0" missed="10" type="INSTRUCTION" />
                <counter covered="0" missed="1" type="LINE" />
                <counter covered="0" missed="1" type="COMPLEXITY" />
                <counter covered="0" missed="1" type="METHOD" />
            </method>
            <method name="&lt;init&gt;" desc="(Ljava/util/List;Ljava/util/List;)V" line="5">
                <counter covered="0" missed="15" type="INSTRUCTION" />
                <counter covered="0" missed="2" type="LINE" />
                <counter covered="0" missed="1" type="COMPLEXITY" />
                <counter covered="0" missed="1" type="METHOD" />
            </method>
            <counter covered="0" missed="46" type="INSTRUCTION" />
            <counter covered="0" missed="2" type="BRANCH" />
            <counter covered="0" missed="6" type="LINE" />
            <counter covered="0" missed="6" type="COMPLEXITY" />
            <counter covered="0" missed="5" type="METHOD" />
            <counter covered="0" missed="1" type="CLASS" />
        </class>
        <class name="com/daydreamapplications/bindingrecycler/BindingRecyclerView$Adapter"
            sourcefilename="BindingRecyclerView.kt">
            <method name="getUseDiff" desc="()Z" line="52">
                <counter covered="0" missed="3" type="INSTRUCTION" />
                <counter covered="0" missed="1" type="LINE" />
                <counter covered="0" missed="1" type="COMPLEXITY" />
                <counter covered="0" missed="1" type="METHOD" />
            </method>
            <method name="setUseDiff" desc="(Z)V" line="52">
                <counter covered="0" missed="4" type="INSTRUCTION" />
                <counter covered="0" missed="1" type="LINE" />
                <counter covered="0" missed="1" type="COMPLEXITY" />
                <counter covered="0" missed="1" type="METHOD" />
            </method>
            <method name="getViewModels" desc="()Ljava/util/List;" line="54">
                <counter covered="0" missed="3" type="INSTRUCTION" />
                <counter covered="0" missed="1" type="LINE" />
                <counter covered="0" missed="1" type="COMPLEXITY" />
                <counter covered="0" missed="1" type="METHOD" />
            </method>
            <method name="setViewModels" desc="(Ljava/util/List;)V" line="57">
                <counter covered="0" missed="29" type="INSTRUCTION" />
                <counter covered="0" missed="2" type="BRANCH" />
                <counter covered="0" missed="7" type="LINE" />
                <counter covered="0" missed="2" type="COMPLEXITY" />
                <counter covered="0" missed="1" type="METHOD" />
            </method>
            <method name="getDoOnClick" desc="()Lkotlin/jvm/functions/Function2;" line="81">
                <counter covered="0" missed="3" type="INSTRUCTION" />
                <counter covered="0" missed="1" type="LINE" />
                <counter covered="0" missed="1" type="COMPLEXITY" />
                <counter covered="0" missed="1" type="METHOD" />
            </method>
            <method name="setDoOnClick" desc="(Lkotlin/jvm/functions/Function2;)V" line="81">
                <counter covered="0" missed="7" type="INSTRUCTION" />
                <counter covered="0" missed="1" type="LINE" />
                <counter covered="0" missed="1" type="COMPLEXITY" />
                <counter covered="0" missed="1" type="METHOD" />
            </method>
            <method name="getLifecycle" desc="()Landroidx/lifecycle/Lifecycle;" line="87">
                <counter covered="0" missed="4" type="INSTRUCTION" />
                <counter covered="0" missed="1" type="LINE" />
                <counter covered="0" missed="1" type="COMPLEXITY" />
                <counter covered="0" missed="1" type="METHOD" />
            </method>
            <method name="onClick" desc="(Landroid/view/View;Ljava/lang/Object;)V" line="98">
                <counter covered="0" missed="10" type="INSTRUCTION" />
                <counter covered="0" missed="2" type="LINE" />
                <counter covered="0" missed="1" type="COMPLEXITY" />
                <counter covered="0" missed="1" type="METHOD" />
            </method>
            <method name="onCreateViewHolder"
                desc="(Landroid/view/ViewGroup;I)Lcom/daydreamapplications/bindingrecycler/BindingRecyclerView$ViewHolder;"
                line="105">
                <counter covered="0" missed="23" type="INSTRUCTION" />
                <counter covered="0" missed="7" type="LINE" />
                <counter covered="0" missed="1" type="COMPLEXITY" />
                <counter covered="0" missed="1" type="METHOD" />
            </method>
            <method name="getItemViewType" desc="(I)I" line="148">
                <counter covered="0" missed="4" type="INSTRUCTION" />
                <counter covered="0" missed="1" type="LINE" />
                <counter covered="0" missed="1" type="COMPLEXITY" />
                <counter covered="0" missed="1" type="METHOD" />
            </method>
            <method name="getItemCount" desc="()I" line="156">
                <counter covered="0" missed="4" type="INSTRUCTION" />
                <counter covered="0" missed="1" type="LINE" />
                <counter covered="0" missed="1" type="COMPLEXITY" />
                <counter covered="0" missed="1" type="METHOD" />
            </method>
            <method name="onBindViewHolder"
                desc="(Lcom/daydreamapplications/bindingrecycler/BindingRecyclerView$ViewHolder;I)V"
                line="159">
                <counter covered="0" missed="27" type="INSTRUCTION" />
                <counter covered="0" missed="5" type="LINE" />
                <counter covered="0" missed="1" type="COMPLEXITY" />
                <counter covered="0" missed="1" type="METHOD" />
            </method>
            <method name="&lt;init&gt;" desc="(Ljava/util/Collection;)V" line="32">
                <counter covered="0" missed="25" type="INSTRUCTION" />
                <counter covered="0" missed="8" type="LINE" />
                <counter covered="0" missed="1" type="COMPLEXITY" />
                <counter covered="0" missed="1" type="METHOD" />
            </method>
            <counter covered="0" missed="146" type="INSTRUCTION" />
            <counter covered="0" missed="2" type="BRANCH" />
            <counter covered="0" missed="32" type="LINE" />
            <counter covered="0" missed="14" type="COMPLEXITY" />
            <counter covered="0" missed="13" type="METHOD" />
            <counter covered="0" missed="1" type="CLASS" />
        </class>
        <class name="com/daydreamapplications/bindingrecycler/BindingRecyclerView"
            sourcefilename="BindingRecyclerView.kt">
            <method name="addDivider" desc="(Landroid/graphics/drawable/Drawable;)V" line="177">
                <counter covered="0" missed="29" type="INSTRUCTION" />
                <counter covered="0" missed="5" type="LINE" />
                <counter covered="0" missed="1" type="COMPLEXITY" />
                <counter covered="0" missed="1" type="METHOD" />
            </method>
            <method name="&lt;init&gt;"
                desc="(Landroid/content/Context;Landroid/util/AttributeSet;I)V" line="21">
                <counter covered="0" missed="17" type="INSTRUCTION" />
                <counter covered="0" missed="5" type="LINE" />
                <counter covered="0" missed="1" type="COMPLEXITY" />
                <counter covered="0" missed="1" type="METHOD" />
            </method>
            <counter covered="0" missed="46" type="INSTRUCTION" />
            <counter covered="0" missed="10" type="LINE" />
            <counter covered="0" missed="2" type="COMPLEXITY" />
            <counter covered="0" missed="2" type="METHOD" />
            <counter covered="0" missed="1" type="CLASS" />
        </class>
        <class
            name="com/daydreamapplications/bindingrecycler/BindingRecyclerView$Adapter$doOnClick$1"
            sourcefilename="BindingRecyclerView.kt">
            <method name="invoke" desc="(Landroid/view/View;Ljava/lang/Object;)V" line="81">
                <counter covered="0" missed="4" type="INSTRUCTION" />
                <counter covered="0" missed="1" type="LINE" />
                <counter covered="0" missed="1" type="COMPLEXITY" />
                <counter covered="0" missed="1" type="METHOD" />
            </method>
            <counter covered="0" missed="4" type="INSTRUCTION" />
            <counter covered="0" missed="1" type="LINE" />
            <counter covered="0" missed="1" type="COMPLEXITY" />
            <counter covered="0" missed="1" type="METHOD" />
            <counter covered="0" missed="1" type="CLASS" />
        </class>
        <class name="com/daydreamapplications/bindingrecycler/LifecycleRecyclerAdapter"
            sourcefilename="LifecycleRecyclerAdapter.kt">
            <method name="getLifecycleRegistry" desc="()Landroidx/lifecycle/LifecycleRegistry;"
                line="8">
                <counter covered="0" missed="3" type="INSTRUCTION" />
                <counter covered="0" missed="1" type="LINE" />
                <counter covered="0" missed="1" type="COMPLEXITY" />
                <counter covered="0" missed="1" type="METHOD" />
            </method>
            <method name="getLifecycle" desc="()Landroidx/lifecycle/Lifecycle;" line="10">
                <counter covered="0" missed="4" type="INSTRUCTION" />
                <counter covered="0" missed="1" type="LINE" />
                <counter covered="0" missed="1" type="COMPLEXITY" />
                <counter covered="0" missed="1" type="METHOD" />
            </method>
            <method name="onCreate" desc="()V" line="18">
                <counter covered="0" missed="5" type="INSTRUCTION" />
                <counter covered="0" missed="2" type="LINE" />
                <counter covered="0" missed="1" type="COMPLEXITY" />
                <counter covered="0" missed="1" type="METHOD" />
            </method>
            <method name="onStart" desc="()V" line="23">
                <counter covered="0" missed="5" type="INSTRUCTION" />
                <counter covered="0" missed="2" type="LINE" />
                <counter covered="0" missed="1" type="COMPLEXITY" />
                <counter covered="0" missed="1" type="METHOD" />
            </method>
            <method name="onResume" desc="()V" line="28">
                <counter covered="0" missed="5" type="INSTRUCTION" />
                <counter covered="0" missed="2" type="LINE" />
                <counter covered="0" missed="1" type="COMPLEXITY" />
                <counter covered="0" missed="1" type="METHOD" />
            </method>
            <method name="onPause" desc="()V" line="33">
                <counter covered="0" missed="5" type="INSTRUCTION" />
                <counter covered="0" missed="2" type="LINE" />
                <counter covered="0" missed="1" type="COMPLEXITY" />
                <counter covered="0" missed="1" type="METHOD" />
            </method>
            <method name="onStop" desc="()V" line="38">
                <counter covered="0" missed="5" type="INSTRUCTION" />
                <counter covered="0" missed="2" type="LINE" />
                <counter covered="0" missed="1" type="COMPLEXITY" />
                <counter covered="0" missed="1" type="METHOD" />
            </method>
            <method name="onDestroy" desc="()V" line="43">
                <counter covered="0" missed="5" type="INSTRUCTION" />
                <counter covered="0" missed="2" type="LINE" />
                <counter covered="0" missed="1" type="COMPLEXITY" />
                <counter covered="0" missed="1" type="METHOD" />
            </method>
            <method name="&lt;init&gt;" desc="()V" line="6">
                <counter covered="0" missed="15" type="INSTRUCTION" />
                <counter covered="0" missed="5" type="LINE" />
                <counter covered="0" missed="1" type="COMPLEXITY" />
                <counter covered="0" missed="1" type="METHOD" />
            </method>
            <counter covered="0" missed="52" type="INSTRUCTION" />
            <counter covered="0" missed="18" type="LINE" />
            <counter covered="0" missed="9" type="COMPLEXITY" />
            <counter covered="0" missed="9" type="METHOD" />
            <counter covered="0" missed="1" type="CLASS" />
        </class>
        <class name="com/daydreamapplications/bindingrecycler/BindingRecyclerView$ViewHolder"
            sourcefilename="BindingRecyclerView.kt">
            <method name="bind" desc="(Ljava/lang/Object;)V" line="170">
                <counter covered="0" missed="10" type="INSTRUCTION" />
                <counter covered="0" missed="3" type="LINE" />
                <counter covered="0" missed="1" type="COMPLEXITY" />
                <counter covered="0" missed="1" type="METHOD" />
            </method>
            <method name="getDataBinding" desc="()Landroidx/databinding/ViewDataBinding;"
                line="167">
                <counter covered="0" missed="3" type="INSTRUCTION" />
                <counter covered="0" missed="1" type="LINE" />
                <counter covered="0" missed="1" type="COMPLEXITY" />
                <counter covered="0" missed="1" type="METHOD" />
            </method>
            <method name="&lt;init&gt;" desc="(Landroidx/databinding/ViewDataBinding;)V" line="167">
                <counter covered="0" missed="11" type="INSTRUCTION" />
                <counter covered="0" missed="1" type="LINE" />
                <counter covered="0" missed="1" type="COMPLEXITY" />
                <counter covered="0" missed="1" type="METHOD" />
            </method>
            <counter covered="0" missed="24" type="INSTRUCTION" />
            <counter covered="0" missed="4" type="LINE" />
            <counter covered="0" missed="3" type="COMPLEXITY" />
            <counter covered="0" missed="3" type="METHOD" />
            <counter covered="0" missed="1" type="CLASS" />
        </class>
        <sourcefile name="LifecycleRecyclerAdapter.kt">
            <line cb="0" ci="0" mb="0" mi="2" nr="6" />
            <line cb="0" ci="0" mb="0" mi="10" nr="8" />
            <line cb="0" ci="0" mb="0" mi="4" nr="10" />
            <line cb="0" ci="0" mb="0" mi="1" nr="12" />
            <line cb="0" ci="0" mb="0" mi="4" nr="13" />
            <line cb="0" ci="0" mb="0" mi="1" nr="14" />
            <line cb="0" ci="0" mb="0" mi="4" nr="18" />
            <line cb="0" ci="0" mb="0" mi="1" nr="19" />
            <line cb="0" ci="0" mb="0" mi="4" nr="23" />
            <line cb="0" ci="0" mb="0" mi="1" nr="24" />
            <line cb="0" ci="0" mb="0" mi="4" nr="28" />
            <line cb="0" ci="0" mb="0" mi="1" nr="29" />
            <line cb="0" ci="0" mb="0" mi="4" nr="33" />
            <line cb="0" ci="0" mb="0" mi="1" nr="34" />
            <line cb="0" ci="0" mb="0" mi="4" nr="38" />
            <line cb="0" ci="0" mb="0" mi="1" nr="39" />
            <line cb="0" ci="0" mb="0" mi="4" nr="43" />
            <line cb="0" ci="0" mb="0" mi="1" nr="44" />
            <counter covered="0" missed="52" type="INSTRUCTION" />
            <counter covered="0" missed="18" type="LINE" />
            <counter covered="0" missed="9" type="COMPLEXITY" />
            <counter covered="0" missed="9" type="METHOD" />
            <counter covered="0" missed="1" type="CLASS" />
        </sourcefile>
        <sourcefile name="DiffCallback.kt">
            <line cb="0" ci="0" mb="0" mi="1" nr="5" />
            <line cb="0" ci="0" mb="0" mi="8" nr="8" />
            <line cb="0" ci="0" mb="0" mi="4" nr="10" />
            <line cb="0" ci="0" mb="0" mi="4" nr="11" />
            <line cb="0" ci="0" mb="2" mi="13" nr="13" />
            <line cb="0" ci="0" mb="0" mi="10" nr="14" />
            <counter covered="0" missed="46" type="INSTRUCTION" />
            <counter covered="0" missed="2" type="BRANCH" />
            <counter covered="0" missed="6" type="LINE" />
            <counter covered="0" missed="6" type="COMPLEXITY" />
            <counter covered="0" missed="5" type="METHOD" />
            <counter covered="0" missed="1" type="CLASS" />
        </sourcefile>
        <sourcefile name="BindingRecyclerView.kt">
            <line cb="0" ci="0" mb="0" mi="1" nr="21" />
            <line cb="0" ci="0" mb="0" mi="4" nr="25" />
            <line cb="0" ci="0" mb="0" mi="1" nr="27" />
            <line cb="0" ci="0" mb="0" mi="7" nr="28" />
            <line cb="0" ci="0" mb="0" mi="1" nr="29" />
            <line cb="0" ci="0" mb="0" mi="1" nr="32" />
            <line cb="0" ci="0" mb="0" mi="1" nr="33" />
            <line cb="0" ci="0" mb="0" mi="10" nr="52" />
            <line cb="0" ci="0" mb="0" mi="9" nr="54" />
            <line cb="0" ci="0" mb="2" mi="3" nr="57" />
            <line cb="0" ci="0" mb="0" mi="7" nr="58" />
            <line cb="0" ci="0" mb="0" mi="3" nr="59" />
            <line cb="0" ci="0" mb="0" mi="7" nr="60" />
            <line cb="0" ci="0" mb="0" mi="3" nr="62" />
            <line cb="0" ci="0" mb="0" mi="2" nr="63" />
            <line cb="0" ci="0" mb="0" mi="1" nr="65" />
            <line cb="0" ci="0" mb="0" mi="12" nr="81" />
            <line cb="0" ci="0" mb="0" mi="1" nr="83" />
            <line cb="0" ci="0" mb="0" mi="5" nr="84" />
            <line cb="0" ci="0" mb="0" mi="1" nr="85" />
            <line cb="0" ci="0" mb="0" mi="4" nr="87" />
            <line cb="0" ci="0" mb="0" mi="6" nr="98" />
            <line cb="0" ci="0" mb="0" mi="1" nr="99" />
            <line cb="0" ci="0" mb="0" mi="5" nr="105" />
            <line cb="0" ci="0" mb="0" mi="3" nr="106" />
            <line cb="0" ci="0" mb="0" mi="1" nr="107" />
            <line cb="0" ci="0" mb="0" mi="1" nr="108" />
            <line cb="0" ci="0" mb="0" mi="1" nr="109" />
            <line cb="0" ci="0" mb="0" mi="4" nr="112" />
            <line cb="0" ci="0" mb="0" mi="5" nr="114" />
            <line cb="0" ci="0" mb="0" mi="4" nr="148" />
            <line cb="0" ci="0" mb="0" mi="4" nr="156" />
            <line cb="0" ci="0" mb="0" mi="5" nr="159" />
            <line cb="0" ci="0" mb="0" mi="3" nr="161" />
            <line cb="0" ci="0" mb="0" mi="20" nr="162" />
            <line cb="0" ci="0" mb="0" mi="5" nr="163" />
            <line cb="0" ci="0" mb="0" mi="1" nr="164" />
            <line cb="0" ci="0" mb="0" mi="11" nr="167" />
            <line cb="0" ci="0" mb="0" mi="6" nr="170" />
            <line cb="0" ci="0" mb="0" mi="3" nr="171" />
            <line cb="0" ci="0" mb="0" mi="1" nr="172" />
            <line cb="0" ci="0" mb="0" mi="17" nr="177" />
            <line cb="0" ci="0" mb="0" mi="3" nr="178" />
            <line cb="0" ci="0" mb="0" mi="1" nr="179" />
            <line cb="0" ci="0" mb="0" mi="4" nr="180" />
            <line cb="0" ci="0" mb="0" mi="1" nr="181" />
            <counter covered="0" missed="230" type="INSTRUCTION" />
            <counter covered="0" missed="2" type="BRANCH" />
            <counter covered="0" missed="46" type="LINE" />
            <counter covered="0" missed="21" type="COMPLEXITY" />
            <counter covered="0" missed="20" type="METHOD" />
            <counter covered="0" missed="5" type="CLASS" />
        </sourcefile>
        <sourcefile name="LifecycleRelay.kt">
            <line cb="0" ci="2" mb="0" mi="0" nr="11" />
            <line cb="0" ci="7" mb="0" mi="0" nr="13" />
            <line cb="0" ci="4" mb="0" mi="0" nr="15" />
            <line cb="0" ci="1" mb="0" mi="0" nr="17" />
            <line cb="0" ci="4" mb="0" mi="0" nr="18" />
            <line cb="0" ci="1" mb="0" mi="0" nr="19" />
            <line cb="0" ci="0" mb="0" mi="4" nr="23" />
            <line cb="0" ci="0" mb="0" mi="1" nr="24" />
            <line cb="0" ci="0" mb="0" mi="4" nr="28" />
            <line cb="0" ci="0" mb="0" mi="1" nr="29" />
            <line cb="0" ci="0" mb="0" mi="4" nr="33" />
            <line cb="0" ci="0" mb="0" mi="1" nr="34" />
            <line cb="0" ci="0" mb="0" mi="4" nr="38" />
            <line cb="0" ci="0" mb="0" mi="1" nr="39" />
            <line cb="0" ci="0" mb="0" mi="4" nr="43" />
            <line cb="0" ci="0" mb="0" mi="1" nr="44" />
            <line cb="0" ci="0" mb="0" mi="4" nr="48" />
            <line cb="0" ci="0" mb="0" mi="1" nr="49" />
            <counter covered="19" missed="30" type="INSTRUCTION" />
            <counter covered="6" missed="12" type="LINE" />
            <counter covered="2" missed="6" type="COMPLEXITY" />
            <counter covered="2" missed="6" type="METHOD" />
            <counter covered="1" missed="0" type="CLASS" />
        </sourcefile>
        <counter covered="19" missed="358" type="INSTRUCTION" />
        <counter covered="0" missed="4" type="BRANCH" />
        <counter covered="6" missed="82" type="LINE" />
        <counter covered="2" missed="42" type="COMPLEXITY" />
        <counter covered="2" missed="40" type="METHOD" />
        <counter covered="1" missed="7" type="CLASS" />
    </package>
    <counter covered="19" missed="358" type="INSTRUCTION" />
    <counter covered="0" missed="4" type="BRANCH" />
    <counter covered="6" missed="82" type="LINE" />
    <counter covered="2" missed="42" type="COMPLEXITY" />
    <counter covered="2" missed="40" type="METHOD" />
    <counter covered="1" missed="7" type="CLASS" />
</report>